生成启动时间为 2017/12/12 13:00:00。
     1>项目“D:\Code\FivechClient\FivechClient\FivechClient.vcxproj”在节点 2 上(build 个目标)。
     1>InitializeBuildStatus:
         正在创建“Debug\FivechClient.unsuccessfulbuild”，因为已指定“AlwaysCreate”。
       ClCompile:
         所有输出均为最新。
         d:\visual_studio\VC\bin\CL.exe /c /ZI /nologo /W3 /WX- /Od /Oy- /D WIN32 /D _WINDOWS /D _DEBUG /D _UNICODE /D UNICODE /D _AFXDLL /Gm /EHsc /RTC1 /MDd /GS /fp:precise /Zc:wchar_t /Zc:forScope /Yu"StdAfx.h" /Fp"Debug\FivechClient.pch" /Fo"Debug\\" /Fd"Debug\vc100.pdb" /Gd /TP /analyze- /errorReport:prompt Board.cpp FivechClient.cpp FivechClientDlg.cpp Network.cpp
         Board.cpp
     1>d:\code\fivechclient\fivechclient\board.cpp(53): warning C4018: “<”: 有符号/无符号不匹配
         正在生成代码...
         正在编译...
         Network.cpp
         FivechClientDlg.cpp
         FivechClient.cpp
         正在生成代码...
       ResourceCompile:
         所有输出均为最新。
       ManifestResourceCompile:
         所有输出均为最新。
       Link:
         d:\visual_studio\VC\bin\link.exe /ERRORREPORT:PROMPT /OUT:"D:\Code\FivechClient\Debug\FivechClient.exe" /INCREMENTAL /NOLOGO /MANIFEST /ManifestFile:"Debug\FivechClient.exe.intermediate.manifest" /MANIFESTUAC:"level='asInvoker' uiAccess='false'" /DEBUG /PDB:"D:\Code\FivechClient\Debug\FivechClient.pdb" /SUBSYSTEM:WINDOWS /TLBID:1 /ENTRY:"wWinMainCRTStartup" /DYNAMICBASE /NXCOMPAT /IMPLIB:"D:\Code\FivechClient\Debug\FivechClient.lib" /MACHINE:X86 Debug\FivechClient.res
         Debug\FivechClient.exe.embed.manifest.res
         Debug\Board.obj
         Debug\FivechClient.obj
         Debug\FivechClientDlg.obj
         Debug\Judge.obj
         Debug\Network.obj
         Debug\stdafx.obj
       Manifest:
         C:\Program Files (x86)\Microsoft SDKs\Windows\v7.0A\bin\mt.exe /nologo /verbose /out:"Debug\FivechClient.exe.embed.manifest" /manifest Debug\FivechClient.exe.intermediate.manifest d:\visual_studio\VC\Include\Manifest\dpiaware.manifest
         所有输出均为最新。
       LinkEmbedManifest:
         所有输出均为最新。
         FivechClient.vcxproj -> D:\Code\FivechClient\Debug\FivechClient.exe
       FinalizeBuildStatus:
         正在删除文件“Debug\FivechClient.unsuccessfulbuild”。
         正在对“Debug\FivechClient.lastbuildstate”执行 Touch 任务。
     1>已完成生成项目“D:\Code\FivechClient\FivechClient\FivechClient.vcxproj”(build 个目标)的操作。

生成成功。

已用时间 00:00:01.62
